<?xml version="1.0" encoding="UTF-8"?>
<testng-results skipped="0" failed="0" ignored="0" total="2" passed="2">
  <reporter-output>
  </reporter-output>
  <suite name="Default suite" duration-ms="93" started-at="2019-05-21T15:13:50Z" finished-at="2019-05-21T15:13:51Z">
    <groups>
    </groups>
    <test name="Default test" duration-ms="93" started-at="2019-05-21T15:13:50Z" finished-at="2019-05-21T15:13:51Z">
      <class name="demo_test_aid.PrintTest">
        <test-method status="PASS" signature="customerNew()[pri:0, instance:demo_test_aid.PrintTest@2f8f11]" name="customerNew" duration-ms="38" started-at="2019-05-21T15:13:50Z" finished-at="2019-05-21T15:13:51Z">
          <reporter-output>
          </reporter-output>
        </test-method> <!-- customerNew -->
        <test-method status="PASS" signature="printHello()[pri:0, instance:demo_test_aid.PrintTest@2f8f11]" name="printHello" duration-ms="1" started-at="2019-05-21T15:13:51Z" finished-at="2019-05-21T15:13:51Z">
          <reporter-output>
          </reporter-output>
        </test-method> <!-- printHello -->
      </class> <!-- demo_test_aid.PrintTest -->
    </test> <!-- Default test -->
  </suite> <!-- Default suite -->
</testng-results>
